---------- Date: 2018-11-14 09:49:52 ~ IP : 66.249.66.196 ----------
REQUEST URI : /index.php?route=product/product&path=59%20&product_id=94&sort=p.sort_order&order=ASC&limit=100
MOD DETAILS:
   modFile   : /var/www/html/darazexpress/vqmod/xml/buy_now.xml
   id        : buy_now
   version   : 1.5.5.x
   vqmver    : 1.0
   author    : THEMERZ

File Name    : catalog/view/theme/*/template/product/product.twig(0)
VQModObject::applyMod - SEARCH NOT FOUND (ABORTING MOD): <button type="button" id="button-cart" data-loading-text="{{ text_loading }}" class="btn btn-primary btn-lg btn-block">{{ button_cart }}</button>

----------------------------------------------------------------------


---------- Date: 2018-11-14 19:49:06 ~ IP : 66.249.70.2 ----------
REQUEST URI : /index.php?route=product/product&path=61%20&sort=pd.name&order=DESC&limit=100&product_id=70
MOD DETAILS:
   modFile   : /var/www/html/darazexpress/vqmod/xml/buy_now.xml
   id        : buy_now
   version   : 1.5.5.x
   vqmver    : 1.0
   author    : THEMERZ

File Name    : catalog/view/theme/*/template/product/product.twig(0)
VQModObject::applyMod - SEARCH NOT FOUND (ABORTING MOD): <button type="button" id="button-cart" data-loading-text="{{ text_loading }}" class="btn btn-primary btn-lg btn-block">{{ button_cart }}</button>

----------------------------------------------------------------------


---------- Date: 2018-11-14 19:50:58 ~ IP : 66.249.70.7 ----------
REQUEST URI : /index.php?route=product/product&path=66%20&sort=p.model&order=ASC&limit=100&product_id=57
MOD DETAILS:
   modFile   : /var/www/html/darazexpress/vqmod/xml/buy_now.xml
   id        : buy_now
   version   : 1.5.5.x
   vqmver    : 1.0
   author    : THEMERZ

File Name    : catalog/view/theme/*/template/product/product.twig(0)
VQModObject::applyMod - SEARCH NOT FOUND (ABORTING MOD): <button type="button" id="button-cart" data-loading-text="{{ text_loading }}" class="btn btn-primary btn-lg btn-block">{{ button_cart }}</button>

----------------------------------------------------------------------


---------- Date: 2018-11-14 20:00:34 ~ IP : 66.249.70.7 ----------
REQUEST URI : /index.php?route=product/product&path=61_67%20&product_id=75&sort=pd.name&order=DESC&limit=100
MOD DETAILS:
   modFile   : /var/www/html/darazexpress/vqmod/xml/buy_now.xml
   id        : buy_now
   version   : 1.5.5.x
   vqmver    : 1.0
   author    : THEMERZ

File Name    : catalog/view/theme/*/template/product/product.twig(0)
VQModObject::applyMod - SEARCH NOT FOUND (ABORTING MOD): <button type="button" id="button-cart" data-loading-text="{{ text_loading }}" class="btn btn-primary btn-lg btn-block">{{ button_cart }}</button>

----------------------------------------------------------------------


---------- Date: 2018-11-14 20:05:22 ~ IP : 66.249.70.7 ----------
REQUEST URI : /index.php?route=product/product&path=59%20&product_id=57&sort=rating&order=DESC&limit=100
MOD DETAILS:
   modFile   : /var/www/html/darazexpress/vqmod/xml/buy_now.xml
   id        : buy_now
   version   : 1.5.5.x
   vqmver    : 1.0
   author    : THEMERZ

File Name    : catalog/view/theme/*/template/product/product.twig(0)
VQModObject::applyMod - SEARCH NOT FOUND (ABORTING MOD): <button type="button" id="button-cart" data-loading-text="{{ text_loading }}" class="btn btn-primary btn-lg btn-block">{{ button_cart }}</button>

----------------------------------------------------------------------


