---------- Date: 2018-11-17 16:12:00 ~ IP : 66.249.69.152 ----------
REQUEST URI : /index.php?route=product/product&path=59%20&sort=rating&order=DESC&limit=100&product_id=96
MOD DETAILS:
   modFile   : /var/www/html/darazexpress/vqmod/xml/buy_now.xml
   id        : buy_now
   version   : 1.5.5.x
   vqmver    : 1.0
   author    : THEMERZ

File Name    : catalog/view/theme/*/template/product/product.twig(0)
VQModObject::applyMod - SEARCH NOT FOUND (ABORTING MOD): <button type="button" id="button-cart" data-loading-text="{{ text_loading }}" class="btn btn-primary btn-lg btn-block">{{ button_cart }}</button>

----------------------------------------------------------------------


---------- Date: 2018-11-17 16:13:44 ~ IP : 66.249.69.151 ----------
REQUEST URI : /index.php?route=product/product&product_id=92&sort=p.model&order=ASC&limit=75
MOD DETAILS:
   modFile   : /var/www/html/darazexpress/vqmod/xml/buy_now.xml
   id        : buy_now
   version   : 1.5.5.x
   vqmver    : 1.0
   author    : THEMERZ

File Name    : catalog/view/theme/*/template/product/product.twig(0)
VQModObject::applyMod - SEARCH NOT FOUND (ABORTING MOD): <button type="button" id="button-cart" data-loading-text="{{ text_loading }}" class="btn btn-primary btn-lg btn-block">{{ button_cart }}</button>

----------------------------------------------------------------------


---------- Date: 2018-11-17 16:14:58 ~ IP : 66.249.69.152 ----------
REQUEST URI : /index.php?route=product/product&path=61&product_id=80&sort=p.model&order=ASC&limit=75
MOD DETAILS:
   modFile   : /var/www/html/darazexpress/vqmod/xml/buy_now.xml
   id        : buy_now
   version   : 1.5.5.x
   vqmver    : 1.0
   author    : THEMERZ

File Name    : catalog/view/theme/*/template/product/product.twig(0)
VQModObject::applyMod - SEARCH NOT FOUND (ABORTING MOD): <button type="button" id="button-cart" data-loading-text="{{ text_loading }}" class="btn btn-primary btn-lg btn-block">{{ button_cart }}</button>

----------------------------------------------------------------------


---------- Date: 2018-11-17 16:15:44 ~ IP : 66.249.69.151 ----------
REQUEST URI : /index.php?route=product/product&product_id=83&sort=rating&order=ASC&limit=100
MOD DETAILS:
   modFile   : /var/www/html/darazexpress/vqmod/xml/buy_now.xml
   id        : buy_now
   version   : 1.5.5.x
   vqmver    : 1.0
   author    : THEMERZ

File Name    : catalog/view/theme/*/template/product/product.twig(0)
VQModObject::applyMod - SEARCH NOT FOUND (ABORTING MOD): <button type="button" id="button-cart" data-loading-text="{{ text_loading }}" class="btn btn-primary btn-lg btn-block">{{ button_cart }}</button>

----------------------------------------------------------------------


---------- Date: 2018-11-17 16:17:44 ~ IP : 66.249.69.153 ----------
REQUEST URI : /index.php?route=product/product&path=65&product_id=88
MOD DETAILS:
   modFile   : /var/www/html/darazexpress/vqmod/xml/buy_now.xml
   id        : buy_now
   version   : 1.5.5.x
   vqmver    : 1.0
   author    : THEMERZ

File Name    : catalog/view/theme/*/template/product/product.twig(0)
VQModObject::applyMod - SEARCH NOT FOUND (ABORTING MOD): <button type="button" id="button-cart" data-loading-text="{{ text_loading }}" class="btn btn-primary btn-lg btn-block">{{ button_cart }}</button>

----------------------------------------------------------------------


---------- Date: 2018-11-17 16:18:18 ~ IP : 66.249.69.151 ----------
REQUEST URI : /index.php?route=product/product&path=63&sort=p.price&order=ASC&limit=15&product_id=95
MOD DETAILS:
   modFile   : /var/www/html/darazexpress/vqmod/xml/buy_now.xml
   id        : buy_now
   version   : 1.5.5.x
   vqmver    : 1.0
   author    : THEMERZ

File Name    : catalog/view/theme/*/template/product/product.twig(0)
VQModObject::applyMod - SEARCH NOT FOUND (ABORTING MOD): <button type="button" id="button-cart" data-loading-text="{{ text_loading }}" class="btn btn-primary btn-lg btn-block">{{ button_cart }}</button>

----------------------------------------------------------------------


---------- Date: 2018-11-17 16:19:46 ~ IP : 66.249.69.151 ----------
REQUEST URI : /index.php?route=product/product&product_id=51&sort=pd.name&order=DESC
MOD DETAILS:
   modFile   : /var/www/html/darazexpress/vqmod/xml/buy_now.xml
   id        : buy_now
   version   : 1.5.5.x
   vqmver    : 1.0
   author    : THEMERZ

File Name    : catalog/view/theme/*/template/product/product.twig(0)
VQModObject::applyMod - SEARCH NOT FOUND (ABORTING MOD): <button type="button" id="button-cart" data-loading-text="{{ text_loading }}" class="btn btn-primary btn-lg btn-block">{{ button_cart }}</button>

----------------------------------------------------------------------


---------- Date: 2018-11-17 16:21:44 ~ IP : 66.249.75.24 ----------
REQUEST URI : /index.php?route=product/product&path=59&product_id=55&sort=p.sort_order&order=ASC&limit=75
MOD DETAILS:
   modFile   : /var/www/html/darazexpress/vqmod/xml/buy_now.xml
   id        : buy_now
   version   : 1.5.5.x
   vqmver    : 1.0
   author    : THEMERZ

File Name    : catalog/view/theme/*/template/product/product.twig(0)
VQModObject::applyMod - SEARCH NOT FOUND (ABORTING MOD): <button type="button" id="button-cart" data-loading-text="{{ text_loading }}" class="btn btn-primary btn-lg btn-block">{{ button_cart }}</button>

----------------------------------------------------------------------


---------- Date: 2018-11-17 16:22:19 ~ IP : 66.249.69.152 ----------
REQUEST URI : /index.php?route=product/product&product_id=75&sort=ps.price&order=DESC
MOD DETAILS:
   modFile   : /var/www/html/darazexpress/vqmod/xml/buy_now.xml
   id        : buy_now
   version   : 1.5.5.x
   vqmver    : 1.0
   author    : THEMERZ

File Name    : catalog/view/theme/*/template/product/product.twig(0)
VQModObject::applyMod - SEARCH NOT FOUND (ABORTING MOD): <button type="button" id="button-cart" data-loading-text="{{ text_loading }}" class="btn btn-primary btn-lg btn-block">{{ button_cart }}</button>

----------------------------------------------------------------------


---------- Date: 2018-11-17 16:23:44 ~ IP : 66.249.69.151 ----------
REQUEST URI : /index.php?route=product/product&path=59&product_id=96&sort=pd.name&order=DESC&limit=100
MOD DETAILS:
   modFile   : /var/www/html/darazexpress/vqmod/xml/buy_now.xml
   id        : buy_now
   version   : 1.5.5.x
   vqmver    : 1.0
   author    : THEMERZ

File Name    : catalog/view/theme/*/template/product/product.twig(0)
VQModObject::applyMod - SEARCH NOT FOUND (ABORTING MOD): <button type="button" id="button-cart" data-loading-text="{{ text_loading }}" class="btn btn-primary btn-lg btn-block">{{ button_cart }}</button>

----------------------------------------------------------------------


---------- Date: 2018-11-17 16:24:34 ~ IP : 66.249.69.153 ----------
REQUEST URI : /index.php?route=product/product&path=61&product_id=54&sort=rating&order=DESC&limit=100
MOD DETAILS:
   modFile   : /var/www/html/darazexpress/vqmod/xml/buy_now.xml
   id        : buy_now
   version   : 1.5.5.x
   vqmver    : 1.0
   author    : THEMERZ

File Name    : catalog/view/theme/*/template/product/product.twig(0)
VQModObject::applyMod - SEARCH NOT FOUND (ABORTING MOD): <button type="button" id="button-cart" data-loading-text="{{ text_loading }}" class="btn btn-primary btn-lg btn-block">{{ button_cart }}</button>

----------------------------------------------------------------------


---------- Date: 2018-11-17 16:24:36 ~ IP : 66.249.69.152 ----------
REQUEST URI : /index.php?route=product/product&path=59&sort=pd.name&order=DESC&limit=100&product_id=96
MOD DETAILS:
   modFile   : /var/www/html/darazexpress/vqmod/xml/buy_now.xml
   id        : buy_now
   version   : 1.5.5.x
   vqmver    : 1.0
   author    : THEMERZ

File Name    : catalog/view/theme/*/template/product/product.twig(0)
VQModObject::applyMod - SEARCH NOT FOUND (ABORTING MOD): <button type="button" id="button-cart" data-loading-text="{{ text_loading }}" class="btn btn-primary btn-lg btn-block">{{ button_cart }}</button>

----------------------------------------------------------------------


---------- Date: 2018-11-17 16:27:44 ~ IP : 66.249.69.153 ----------
REQUEST URI : /index.php?route=product/product&path=61_67&product_id=78&sort=p.model&order=DESC&limit=100
MOD DETAILS:
   modFile   : /var/www/html/darazexpress/vqmod/xml/buy_now.xml
   id        : buy_now
   version   : 1.5.5.x
   vqmver    : 1.0
   author    : THEMERZ

File Name    : catalog/view/theme/*/template/product/product.twig(0)
VQModObject::applyMod - SEARCH NOT FOUND (ABORTING MOD): <button type="button" id="button-cart" data-loading-text="{{ text_loading }}" class="btn btn-primary btn-lg btn-block">{{ button_cart }}</button>

----------------------------------------------------------------------


---------- Date: 2018-11-17 16:29:22 ~ IP : 66.249.69.152 ----------
REQUEST URI : /index.php?route=product/product&path=61_65&product_id=84&sort=pd.name&order=ASC
MOD DETAILS:
   modFile   : /var/www/html/darazexpress/vqmod/xml/buy_now.xml
   id        : buy_now
   version   : 1.5.5.x
   vqmver    : 1.0
   author    : THEMERZ

File Name    : catalog/view/theme/*/template/product/product.twig(0)
VQModObject::applyMod - SEARCH NOT FOUND (ABORTING MOD): <button type="button" id="button-cart" data-loading-text="{{ text_loading }}" class="btn btn-primary btn-lg btn-block">{{ button_cart }}</button>

----------------------------------------------------------------------


---------- Date: 2018-11-17 16:29:44 ~ IP : 66.249.69.151 ----------
REQUEST URI : /index.php?route=product/product&path=59%20&product_id=59&sort=pd.name&order=DESC&limit=100
MOD DETAILS:
   modFile   : /var/www/html/darazexpress/vqmod/xml/buy_now.xml
   id        : buy_now
   version   : 1.5.5.x
   vqmver    : 1.0
   author    : THEMERZ

File Name    : catalog/view/theme/*/template/product/product.twig(0)
VQModObject::applyMod - SEARCH NOT FOUND (ABORTING MOD): <button type="button" id="button-cart" data-loading-text="{{ text_loading }}" class="btn btn-primary btn-lg btn-block">{{ button_cart }}</button>

----------------------------------------------------------------------


---------- Date: 2018-11-17 16:30:54 ~ IP : 66.249.69.153 ----------
REQUEST URI : /index.php?route=product/product&path=59&sort=pd.name&order=DESC&limit=75&product_id=57
MOD DETAILS:
   modFile   : /var/www/html/darazexpress/vqmod/xml/buy_now.xml
   id        : buy_now
   version   : 1.5.5.x
   vqmver    : 1.0
   author    : THEMERZ

File Name    : catalog/view/theme/*/template/product/product.twig(0)
VQModObject::applyMod - SEARCH NOT FOUND (ABORTING MOD): <button type="button" id="button-cart" data-loading-text="{{ text_loading }}" class="btn btn-primary btn-lg btn-block">{{ button_cart }}</button>

----------------------------------------------------------------------


---------- Date: 2018-11-17 16:31:44 ~ IP : 66.249.69.152 ----------
REQUEST URI : /index.php?route=product/product&product_id=54&page=2
MOD DETAILS:
   modFile   : /var/www/html/darazexpress/vqmod/xml/buy_now.xml
   id        : buy_now
   version   : 1.5.5.x
   vqmver    : 1.0
   author    : THEMERZ

File Name    : catalog/view/theme/*/template/product/product.twig(0)
VQModObject::applyMod - SEARCH NOT FOUND (ABORTING MOD): <button type="button" id="button-cart" data-loading-text="{{ text_loading }}" class="btn btn-primary btn-lg btn-block">{{ button_cart }}</button>

----------------------------------------------------------------------


---------- Date: 2018-11-17 16:33:44 ~ IP : 66.249.69.151 ----------
REQUEST URI : /index.php?route=product/product&path=59&product_id=76&sort=p.price&order=ASC&limit=100
MOD DETAILS:
   modFile   : /var/www/html/darazexpress/vqmod/xml/buy_now.xml
   id        : buy_now
   version   : 1.5.5.x
   vqmver    : 1.0
   author    : THEMERZ

File Name    : catalog/view/theme/*/template/product/product.twig(0)
VQModObject::applyMod - SEARCH NOT FOUND (ABORTING MOD): <button type="button" id="button-cart" data-loading-text="{{ text_loading }}" class="btn btn-primary btn-lg btn-block">{{ button_cart }}</button>

----------------------------------------------------------------------


---------- Date: 2018-11-17 16:35:44 ~ IP : 66.249.69.153 ----------
REQUEST URI : /index.php?route=product/product&path=61_67&product_id=93&sort=p.price&order=ASC&limit=100
MOD DETAILS:
   modFile   : /var/www/html/darazexpress/vqmod/xml/buy_now.xml
   id        : buy_now
   version   : 1.5.5.x
   vqmver    : 1.0
   author    : THEMERZ

File Name    : catalog/view/theme/*/template/product/product.twig(0)
VQModObject::applyMod - SEARCH NOT FOUND (ABORTING MOD): <button type="button" id="button-cart" data-loading-text="{{ text_loading }}" class="btn btn-primary btn-lg btn-block">{{ button_cart }}</button>

----------------------------------------------------------------------


---------- Date: 2018-11-17 16:37:12 ~ IP : 66.249.69.152 ----------
REQUEST URI : /index.php?route=product/product&path=59%20&sort=pd.name&order=DESC&limit=100&product_id=74
MOD DETAILS:
   modFile   : /var/www/html/darazexpress/vqmod/xml/buy_now.xml
   id        : buy_now
   version   : 1.5.5.x
   vqmver    : 1.0
   author    : THEMERZ

File Name    : catalog/view/theme/*/template/product/product.twig(0)
VQModObject::applyMod - SEARCH NOT FOUND (ABORTING MOD): <button type="button" id="button-cart" data-loading-text="{{ text_loading }}" class="btn btn-primary btn-lg btn-block">{{ button_cart }}</button>

----------------------------------------------------------------------


---------- Date: 2018-11-17 16:39:00 ~ IP : 66.249.69.152 ----------
REQUEST URI : /index.php?route=product/product&product_id=92&sort=ps.price&order=DESC
MOD DETAILS:
   modFile   : /var/www/html/darazexpress/vqmod/xml/buy_now.xml
   id        : buy_now
   version   : 1.5.5.x
   vqmver    : 1.0
   author    : THEMERZ

File Name    : catalog/view/theme/*/template/product/product.twig(0)
VQModObject::applyMod - SEARCH NOT FOUND (ABORTING MOD): <button type="button" id="button-cart" data-loading-text="{{ text_loading }}" class="btn btn-primary btn-lg btn-block">{{ button_cart }}</button>

----------------------------------------------------------------------


---------- Date: 2018-11-17 16:41:44 ~ IP : 66.249.69.152 ----------
REQUEST URI : /index.php?route=product/product&path=59%20&sort=p.model&order=DESC&limit=100&product_id=94
MOD DETAILS:
   modFile   : /var/www/html/darazexpress/vqmod/xml/buy_now.xml
   id        : buy_now
   version   : 1.5.5.x
   vqmver    : 1.0
   author    : THEMERZ

File Name    : catalog/view/theme/*/template/product/product.twig(0)
VQModObject::applyMod - SEARCH NOT FOUND (ABORTING MOD): <button type="button" id="button-cart" data-loading-text="{{ text_loading }}" class="btn btn-primary btn-lg btn-block">{{ button_cart }}</button>

----------------------------------------------------------------------


---------- Date: 2018-11-17 16:42:58 ~ IP : 45.116.232.3 ----------
REQUEST URI : /index.php?route=product/product&product_id=77
MOD DETAILS:
   modFile   : /var/www/html/darazexpress/vqmod/xml/buy_now.xml
   id        : buy_now
   version   : 1.5.5.x
   vqmver    : 1.0
   author    : THEMERZ

File Name    : catalog/view/theme/*/template/product/product.twig(0)
VQModObject::applyMod - SEARCH NOT FOUND (ABORTING MOD): <button type="button" id="button-cart" data-loading-text="{{ text_loading }}" class="btn btn-primary btn-lg btn-block">{{ button_cart }}</button>

----------------------------------------------------------------------


---------- Date: 2018-11-17 16:43:30 ~ IP : 66.249.69.152 ----------
REQUEST URI : /index.php?route=product/product&path=61%20&sort=p.model&order=ASC&limit=100&product_id=78
MOD DETAILS:
   modFile   : /var/www/html/darazexpress/vqmod/xml/buy_now.xml
   id        : buy_now
   version   : 1.5.5.x
   vqmver    : 1.0
   author    : THEMERZ

File Name    : catalog/view/theme/*/template/product/product.twig(0)
VQModObject::applyMod - SEARCH NOT FOUND (ABORTING MOD): <button type="button" id="button-cart" data-loading-text="{{ text_loading }}" class="btn btn-primary btn-lg btn-block">{{ button_cart }}</button>

----------------------------------------------------------------------


---------- Date: 2018-11-17 16:43:44 ~ IP : 66.249.69.152 ----------
REQUEST URI : /index.php?route=product/product&path=59&sort=p.price&order=DESC&limit=100&product_id=70
MOD DETAILS:
   modFile   : /var/www/html/darazexpress/vqmod/xml/buy_now.xml
   id        : buy_now
   version   : 1.5.5.x
   vqmver    : 1.0
   author    : THEMERZ

File Name    : catalog/view/theme/*/template/product/product.twig(0)
VQModObject::applyMod - SEARCH NOT FOUND (ABORTING MOD): <button type="button" id="button-cart" data-loading-text="{{ text_loading }}" class="btn btn-primary btn-lg btn-block">{{ button_cart }}</button>

----------------------------------------------------------------------


---------- Date: 2018-11-17 16:43:46 ~ IP : 66.249.69.152 ----------
REQUEST URI : /index.php?route=product/product&path=61_67&sort=p.sort_order&order=ASC&limit=75&product_id=79
MOD DETAILS:
   modFile   : /var/www/html/darazexpress/vqmod/xml/buy_now.xml
   id        : buy_now
   version   : 1.5.5.x
   vqmver    : 1.0
   author    : THEMERZ

File Name    : catalog/view/theme/*/template/product/product.twig(0)
VQModObject::applyMod - SEARCH NOT FOUND (ABORTING MOD): <button type="button" id="button-cart" data-loading-text="{{ text_loading }}" class="btn btn-primary btn-lg btn-block">{{ button_cart }}</button>

----------------------------------------------------------------------


